TN:
SF:src\controllers\GenreController.js
FN:9,(anonymous_0)
FN:30,(anonymous_1)
FN:60,(anonymous_2)
FNF:3
FNH:3
FNDA:2,(anonymous_0)
FNDA:1,(anonymous_1)
FNDA:2,(anonymous_2)
DA:3,1
DA:7,1
DA:9,1
DA:10,2
DA:11,2
DA:12,2
DA:13,0
DA:15,2
DA:16,2
DA:23,0
DA:30,1
DA:31,1
DA:32,1
DA:33,1
DA:34,1
DA:38,1
DA:45,0
DA:52,0
DA:53,0
DA:60,1
DA:61,2
DA:62,2
DA:63,2
DA:64,2
DA:65,0
DA:72,0
DA:79,2
DA:86,1
LF:28
LH:21
BRDA:12,0,0,0
BRDA:12,0,1,2
BRDA:12,1,0,2
BRDA:12,1,1,2
BRDA:33,2,0,1
BRDA:33,2,1,0
BRDA:63,3,0,2
BRDA:63,3,1,0
BRF:8
BRH:5
end_of_record
TN:
SF:src\controllers\index.js
FNF:0
FNH:0
DA:1,1
DA:3,1
LF:2
LH:2
BRF:0
BRH:0
end_of_record
TN:
SF:src\models\genre.model.js
FNF:0
FNH:0
DA:1,1
DA:3,1
DA:10,1
DA:12,1
LF:4
LH:4
BRF:0
BRH:0
end_of_record
TN:
SF:src\models\index.js
FNF:0
FNH:0
DA:1,1
DA:3,1
LF:2
LH:2
BRF:0
BRH:0
end_of_record
TN:
SF:src\validations\index.js
FNF:0
FNH:0
DA:1,1
DA:2,1
DA:4,1
LF:3
LH:3
BRF:0
BRH:0
end_of_record
TN:
SF:src\validations\genre\create.js
FN:8,(anonymous_0)
FNF:1
FNH:1
FNDA:1,(anonymous_0)
DA:1,1
DA:3,1
DA:8,1
DA:10,1
LF:4
LH:4
BRF:0
BRH:0
end_of_record
TN:
SF:src\validations\genre\delete.js
FN:7,(anonymous_0)
FNF:1
FNH:1
FNDA:2,(anonymous_0)
DA:1,1
DA:3,1
DA:7,2
DA:9,1
LF:4
LH:4
BRF:0
BRH:0
end_of_record
